[2024-03-12 09:06:00] [1] [INFO] 
============= Basic configuration =============
env=DEMO
============= Azure configuration =============
azure_account_name=akumbhare@parkar.digital
azure_blob_url=https://akumbhare@parkar.digital.blob.core.windows.net
azure_access_key_token=*****
azure_local_storage=LRS
=========== Encryptor configuration ===========
crypto_key_value=*****
=========== WebDriver configuration ===========
url=https://www.parkar.digital
selenium_url=http://192.168.1.7:4444/wd/hub
auto_screenshot=true
localization_encoding=UTF-8
language=en_US
-------------- Driver capabilities ------------
browserName=chrome
===============================================

[2024-03-12 09:06:05] [1] [INFO] [Utils] MethodGroupsHelper.collectMethodsByGroup() took 0 ms.
[2024-03-12 09:06:05] [1] [INFO] [Utils] MethodGroupsHelper.sortMethods() took 3 ms.
[2024-03-12 09:06:05] [1] [INFO] [Utils] MethodGroupsHelper.collectMethodsByGroup() took 0 ms.
[2024-03-12 09:06:05] [1] [INFO] [Utils] MethodGroupsHelper.sortMethods() took 0 ms.
[2024-03-12 09:06:05] [1] [INFO] [Utils] MethodGroupsHelper.collectMethodsByGroup() took 0 ms.
[2024-03-12 09:06:05] [1] [INFO] [Utils] MethodGroupsHelper.sortMethods() took 0 ms.
[2024-03-12 09:06:05] [1] [INFO] [Utils] MethodGroupsHelper.collectMethodsByGroup() took 0 ms.
[2024-03-12 09:06:05] [1] [INFO] [Utils] MethodGroupsHelper.sortMethods() took 0 ms.
[2024-03-12 09:06:05] [1] [INFO] [Utils] MethodGroupsHelper.collectMethodsByGroup() took 0 ms.
[2024-03-12 09:06:05] [1] [INFO] [Utils] MethodGroupsHelper.sortMethods() took 10 ms.
[2024-03-12 09:06:05] [1] [INFO] [Utils] MethodGroupsHelper.collectMethodsByGroup() took 4 ms.
[2024-03-12 09:06:05] [1] [INFO] [Utils] MethodGroupsHelper.sortMethods() took 0 ms.
[2024-03-12 09:06:05] [1] [INFO] [Utils] MethodGroupsHelper.collectMethodsByGroup() took 0 ms.
[2024-03-12 09:06:05] [1] [INFO] [Utils] MethodGroupsHelper.sortMethods() took 0 ms.
[2024-03-12 09:06:05] [1] [INFO] [Utils] MethodGroupsHelper.collectMethodsByGroup() took 0 ms.
[2024-03-12 09:06:05] [1] [INFO] [Utils] MethodGroupsHelper.sortMethods() took 0 ms.
[2024-03-12 09:06:05] [1] [INFO] [Utils] MethodGroupsHelper.collectMethodsByGroup() took 0 ms.
[2024-03-12 09:06:05] [1] [INFO] [Utils] MethodGroupsHelper.sortMethods() took 0 ms.
[2024-03-12 09:06:05] [1] [INFO] [Utils] MethodGroupsHelper.collectMethodsByGroup() took 0 ms.
[2024-03-12 09:06:05] [1] [INFO] [Utils] MethodGroupsHelper.sortMethods() took 0 ms.
[2024-03-12 09:06:05] [1] [INFO] [Utils] MethodGroupsHelper.collectMethodsByGroup() took 0 ms.
[2024-03-12 09:06:05] [1] [INFO] [Utils] MethodGroupsHelper.sortMethods() took 0 ms.
[2024-03-12 09:06:05] [1] [INFO] [Utils] MethodGroupsHelper.collectMethodsByGroup() took 0 ms.
[2024-03-12 09:06:05] [1] [INFO] [Utils] MethodGroupsHelper.sortMethods() took 0 ms.
[2024-03-12 09:06:05] [1] [INFO] [Utils] MethodGroupsHelper.collectMethodsByGroup() took 0 ms.
[2024-03-12 09:06:05] [1] [INFO] [Utils] MethodGroupsHelper.sortMethods() took 0 ms.
[2024-03-12 09:06:05] [1] [INFO] [Utils] MethodGroupsHelper.collectMethodsByGroup() took 0 ms.
[2024-03-12 09:06:05] [1] [INFO] [Utils] MethodGroupsHelper.sortMethods() took 0 ms.
[2024-03-12 09:06:05] [1] [INFO] [Utils] MethodGroupsHelper.collectMethodsByGroup() took 0 ms.
[2024-03-12 09:06:05] [1] [INFO] [Utils] MethodGroupsHelper.sortMethods() took 0 ms.
[2024-03-12 09:06:05] [1] [INFO] [TestNG] Running:
  C:\Users\amol.kumbhare\AppData\Local\Temp\testng-eclipse-90292738\testng-customsuite.xml

[2024-03-12 09:06:06] [1] [INFO] Set thread-count=1
[2024-03-12 09:06:06] [1] [INFO] Set data-provider-thread-count=1
[2024-03-12 09:06:08] [1] [INFO] CARINA_CORE_VERSION: 1.1.3
[2024-03-12 09:06:08] [1] [INFO] [Utils] DynamicGraphHelper.createDynamicGraph() took 3 ms.
[2024-03-12 09:06:31] [43] [INFO] Starting driver session...
[2024-03-12 09:06:41] [1] [ERROR] TEST [Default test] FAILED at [14:36:41 2024-03-12] - java.util.concurrent.ExecutionException: org.openqa.selenium.SessionNotCreatedException: Could not start a new session. Possible causes are invalid address of the remote server or browser start-up failure. 
Host info: host: 'PT076LT', ip: '10.50.20.58'
Build info: version: '4.7.0', revision: '0a5b49d16f'
System info: os.name: 'Windows 10', os.arch: 'amd64', os.version: '10.0', java.version: '21'
Driver info: org.openqa.selenium.remote.RemoteWebDriver
Command: [null, newSession {capabilities=[Capabilities {acceptInsecureCerts: true, browserName: chrome, goog:chromeOptions: {args: [--test-type, --start-maximized, --ignore-ssl-errors], extensions: []}}], desiredCapabilities=Capabilities {acceptInsecureCerts: true, browserName: chrome, goog:chromeOptions: {args: [--test-type, --start-maximized, --ignore-ssl-errors], extensions: []}}}]
Capabilities {}

org.testng.internal.PoolService.submitTasksAndWait(PoolService.java:52)
org.testng.internal.invokers.MethodRunner.runInParallel(MethodRunner.java:132)
org.testng.internal.invokers.TestInvoker$MethodInvocationAgent.invoke(TestInvoker.java:958)
org.testng.internal.invokers.TestInvoker.invokeTestMethods(TestInvoker.java:194)
org.testng.internal.invokers.TestMethodWorker.invokeTestMethods(TestMethodWorker.java:148)
org.testng.internal.invokers.TestMethodWorker.run(TestMethodWorker.java:128)
java.base/java.util.ArrayList.forEach(ArrayList.java:1596)
org.testng.TestRunner.privateRun(TestRunner.java:829)
org.testng.TestRunner.run(TestRunner.java:602)
org.testng.SuiteRunner.runTest(SuiteRunner.java:437)
org.testng.SuiteRunner.runSequentially(SuiteRunner.java:431)
org.testng.SuiteRunner.privateRun(SuiteRunner.java:391)
org.testng.SuiteRunner.run(SuiteRunner.java:330)
org.testng.SuiteRunnerWorker.runSuite(SuiteRunnerWorker.java:52)
org.testng.SuiteRunnerWorker.run(SuiteRunnerWorker.java:95)
org.testng.TestNG.runSuitesSequentially(TestNG.java:1256)
org.testng.TestNG.runSuitesLocally(TestNG.java:1176)
org.testng.TestNG.runSuites(TestNG.java:1099)
org.testng.TestNG.run(TestNG.java:1067)
org.testng.remote.AbstractRemoteTestNG.run(AbstractRemoteTestNG.java:115)
org.testng.remote.RemoteTestNG.initAndRun(RemoteTestNG.java:251)
org.testng.remote.RemoteTestNG.main(RemoteTestNG.java:77)
[2024-03-12 09:06:43] [1] [INFO] Finishing test execution and generating Cucumber report.
[2024-03-12 09:06:44] [1] [INFO] There are no json files for cucumber report.
[2024-03-12 09:06:44] [1] [INFO] INFO: '**************** Test execution summary ****************'.
[2024-03-12 09:06:44] [1] [INFO] RESULT #1: TEST [Contact Us Form Submission (User fills out the Contact Us form and submit the details)] FAIL [log=file://C:\Carina\project-qa\.\reports\1710234360221/5ea43397-6d72-458d-a798-35f164b4806c/test.log]
[2024-03-12 09:06:44] [1] [INFO] RESULT #2: TEST [Default test] FAIL [log=file://C:\Carina\project-qa\.\reports\1710234360221/1710234360221/test.log]
