<?xml version="1.0" encoding="UTF-8"?>
<!-- Generated by org.testng.reporters.JUnitXMLReporter -->
<testsuite ignored="0" hostname="PT076LT" failures="1" tests="4" name="Hello World test" time="193.566" errors="0" timestamp="2024-03-11T16:22:11 IST">
  <testcase classname="com.mycompany.carina.demo.WebSampleTest" name="testBrandGroup" time="54.157"/>
  <testcase classname="com.mycompany.carina.demo.WebSampleTest" name="testCompareModels" time="51.858">
    <failure type="java.lang.AssertionError" message="The following asserts failed:
	expected [2023, February 29] but found [2023, February 01]">
      <![CDATA[java.lang.AssertionError: The following asserts failed:
expected [2023, February 29] but found [2023, February 01]
at com.mycompany.carina.demo.WebSampleTest.testCompareModels(WebSampleTest.java:82)
at java.base/java.util.concurrent.ThreadPoolExecutor.runWorker(ThreadPoolExecutor.java:1144)
at java.base/java.util.concurrent.ThreadPoolExecutor$Worker.run(ThreadPoolExecutor.java:642)
at java.base/java.lang.Thread.run(Thread.java:1583)
... Removed 12 stack frames]]>
    </failure>
  </testcase> <!-- testCompareModels -->
  <testcase classname="com.mycompany.carina.demo.WebSampleTest" name="testModelSpecs" time="36.528"/>
  <testcase classname="com.mycompany.carina.demo.WebSampleTest" name="testNewsSearch" time="42.035"/>
</testsuite> <!-- Hello World test -->
