<?xml version="1.0" encoding="UTF-8"?>
<!-- Generated by org.testng.reporters.JUnitXMLReporter -->
<testsuite ignored="0" hostname="PT076LT" failures="2" tests="4" name="Hello World test" time="198.287" errors="0" timestamp="2024-03-10T00:41:14 IST">
  <testcase classname="com.mycompany.carina.demo.WebSampleTest" name="testBrandGroup" time="54.096"/>
  <testcase classname="com.mycompany.carina.demo.WebSampleTest" name="testCompareModels" time="58.388">
    <failure type="java.lang.AssertionError" message="The following asserts failed:
	expected [2023, February 29] but found [2023, February 01]">
      <![CDATA[java.lang.AssertionError: The following asserts failed:
expected [2023, February 29] but found [2023, February 01]
at com.mycompany.carina.demo.WebSampleTest.testCompareModels(WebSampleTest.java:82)
at java.base/java.util.concurrent.Executors$RunnableAdapter.call(Executors.java:572)
at java.base/java.util.concurrent.FutureTask.run(FutureTask.java:317)
at java.base/java.util.concurrent.ThreadPoolExecutor.runWorker(ThreadPoolExecutor.java:1144)
at java.base/java.util.concurrent.ThreadPoolExecutor$Worker.run(ThreadPoolExecutor.java:642)
at java.base/java.lang.Thread.run(Thread.java:1583)
... Removed 13 stack frames]]>
    </failure>
  </testcase> <!-- testCompareModels -->
  <testcase classname="com.mycompany.carina.demo.WebSampleTest" name="testModelSpecs" time="34.988">
    <failure type="java.lang.RuntimeException" message="Unable to open model: Galaxy A04">
      <![CDATA[java.lang.RuntimeException: Unable to open model: Galaxy A04
at com.mycompany.carina.demo.gui.pages.desktop.BrandModelsPage.selectModel(BrandModelsPage.java:30)
at com.mycompany.carina.demo.WebSampleTest.testModelSpecs(WebSampleTest.java:47)
at java.base/java.util.concurrent.Executors$RunnableAdapter.call(Executors.java:572)
at java.base/java.util.concurrent.FutureTask.run(FutureTask.java:317)
at java.base/java.util.concurrent.ThreadPoolExecutor.runWorker(ThreadPoolExecutor.java:1144)
at java.base/java.util.concurrent.ThreadPoolExecutor$Worker.run(ThreadPoolExecutor.java:642)
at java.base/java.lang.Thread.run(Thread.java:1583)
... Removed 11 stack frames]]>
    </failure>
  </testcase> <!-- testModelSpecs -->
  <testcase classname="com.mycompany.carina.demo.WebSampleTest" name="testNewsSearch" time="41.642"/>
</testsuite> <!-- Hello World test -->
