[2024-03-14 02:32:24] [1] [INFO] TEST [Default test - testCompareModels] STARTED at [08:02:24 2024-03-14]
[2024-03-14 02:32:24] [1] [INFO] Starting driver session...
[2024-03-14 02:32:27] [1] [INFO] Driver session started.
[2024-03-14 02:32:27] [1] [INFO] INFO: opening url 'https://www.gsmarena.com'
[2024-03-14 02:32:53] [1] [INFO] PASS: element 'compareLink' is clicked.
[2024-03-14 02:32:55] [1] [INFO] PASS: element 'inputField' is clicked.
[2024-03-14 02:32:57] [1] [INFO] PASS: keys 'Samsung Galaxy J3' are sent to element 'inputField'.
[2024-03-14 02:33:01] [1] [INFO] PASS: element 'autocompleteSearchElements0' is clicked.
[2024-03-14 02:33:03] [1] [INFO] PASS: element 'inputField' is clicked.
[2024-03-14 02:33:06] [1] [INFO] PASS: keys 'Samsung Galaxy S23 Ultra' are sent to element 'inputField'.
[2024-03-14 02:33:13] [1] [INFO] PASS: element 'autocompleteSearchElements0' is clicked.
[2024-03-14 02:33:16] [1] [INFO] PASS: element 'inputField' is clicked.
[2024-03-14 02:33:18] [1] [INFO] PASS: keys 'Samsung Galaxy J7 Pro' are sent to element 'inputField'.
[2024-03-14 02:33:25] [1] [INFO] PASS: element 'autocompleteSearchElements0' is clicked.
[2024-03-14 02:33:29] [1] [ERROR] TEST [Default test - testCompareModels] FAILED at [08:03:29 2024-03-14] - The following asserts failed:
	expected [2023, February 29] but found [2023, February 01]

org.testng.asserts.SoftAssert.assertAll(SoftAssert.java:46)
org.testng.asserts.SoftAssert.assertAll(SoftAssert.java:30)
com.mycompany.carina.demo.WebSampleTest.testCompareModels(WebSampleTest.java:82)
java.base/jdk.internal.reflect.DirectMethodHandleAccessor.invoke(DirectMethodHandleAccessor.java:103)
java.base/java.lang.reflect.Method.invoke(Method.java:580)
org.testng.internal.invokers.MethodInvocationHelper.invokeMethod(MethodInvocationHelper.java:139)
org.testng.internal.invokers.TestInvoker.invokeMethod(TestInvoker.java:677)
org.testng.internal.invokers.TestInvoker.invokeTestMethod(TestInvoker.java:221)
org.testng.internal.invokers.MethodRunner.runInSequence(MethodRunner.java:50)
org.testng.internal.invokers.TestInvoker$MethodInvocationAgent.invoke(TestInvoker.java:969)
org.testng.internal.invokers.TestInvoker.invokeTestMethods(TestInvoker.java:194)
org.testng.internal.invokers.TestMethodWorker.invokeTestMethods(TestMethodWorker.java:148)
org.testng.internal.invokers.TestMethodWorker.run(TestMethodWorker.java:128)
java.base/java.util.ArrayList.forEach(ArrayList.java:1596)
org.testng.TestRunner.privateRun(TestRunner.java:829)
org.testng.TestRunner.run(TestRunner.java:602)
org.testng.SuiteRunner.runTest(SuiteRunner.java:437)
org.testng.SuiteRunner.runSequentially(SuiteRunner.java:431)
org.testng.SuiteRunner.privateRun(SuiteRunner.java:391)
org.testng.SuiteRunner.run(SuiteRunner.java:330)
org.testng.SuiteRunnerWorker.runSuite(SuiteRunnerWorker.java:52)
org.testng.SuiteRunnerWorker.run(SuiteRunnerWorker.java:95)
org.testng.TestNG.runSuitesSequentially(TestNG.java:1256)
org.testng.TestNG.runSuitesLocally(TestNG.java:1176)
org.testng.TestNG.runSuites(TestNG.java:1099)
org.testng.TestNG.run(TestNG.java:1067)
org.testng.remote.AbstractRemoteTestNG.run(AbstractRemoteTestNG.java:115)
org.testng.remote.RemoteTestNG.initAndRun(RemoteTestNG.java:251)
org.testng.remote.RemoteTestNG.main(RemoteTestNG.java:77)
