<?xml version="1.0" encoding="UTF-8"?>
<!-- Generated by org.testng.reporters.JUnitReportReporter -->
<testsuite hostname="PT076LT" failures="1" tests="2" name="com.mycompany.carina.demo.ParkarDigitalTest" time="25.490" errors="0" timestamp="2024-03-10T00:07:41 IST" skipped="0">
  <testcase classname="com.mycompany.carina.demo.ParkarDigitalTest" name="parkarContactUs" time="3.779"/>
  <system-out/>
  <testcase classname="com.mycompany.carina.demo.ParkarDigitalTest" name="contactUsParkar" time="21.711">
    <failure message="FAIL: element &#039;conatctUsButton (By.xpath: //div[@class=&#039;ast-custom-button&#039;])&#039; is not present!" type="java.lang.AssertionError">
      <![CDATA[java.lang.AssertionError: FAIL: element 'conatctUsButton (By.xpath: //div[@class='ast-custom-button'])' is not present!
at org.testng.Assert.fail(Assert.java:110)
at com.zebrunner.carina.webdriver.decorator.ExtendedWebElement.assertElementPresent(ExtendedWebElement.java:1011)
at com.zebrunner.carina.webdriver.DriverHelper.assertElementPresent(DriverHelper.java:1173)
at com.zebrunner.carina.webdriver.DriverHelper.assertElementPresent(DriverHelper.java:1169)
at com.mycompany.carina.demo.gui.pages.desktop.ParkarContactUsPage.clickContactUsButton(ParkarContactUsPage.java:45)
at com.mycompany.carina.demo.gui.pages.desktop.ParkarContactUsPage.openContactUsPage(ParkarContactUsPage.java:90)
at com.mycompany.carina.demo.ParkarDigitalTest.contactUsParkar(ParkarDigitalTest.java:48)
at java.base/jdk.internal.reflect.DirectMethodHandleAccessor.invoke(DirectMethodHandleAccessor.java:103)
at java.base/java.lang.reflect.Method.invoke(Method.java:580)
at org.testng.internal.invokers.MethodInvocationHelper.invokeMethod(MethodInvocationHelper.java:139)
at org.testng.internal.invokers.TestInvoker.invokeMethod(TestInvoker.java:677)
at org.testng.internal.invokers.TestInvoker.invokeTestMethod(TestInvoker.java:221)
at org.testng.internal.invokers.MethodRunner.runInSequence(MethodRunner.java:50)
at org.testng.internal.invokers.TestInvoker$MethodInvocationAgent.invoke(TestInvoker.java:969)
at org.testng.internal.invokers.TestInvoker.invokeTestMethods(TestInvoker.java:194)
at org.testng.internal.invokers.TestMethodWorker.invokeTestMethods(TestMethodWorker.java:148)
at org.testng.internal.invokers.TestMethodWorker.run(TestMethodWorker.java:128)
at java.base/java.util.concurrent.ThreadPoolExecutor.runWorker(ThreadPoolExecutor.java:1144)
at java.base/java.util.concurrent.ThreadPoolExecutor$Worker.run(ThreadPoolExecutor.java:642)
at java.base/java.lang.Thread.run(Thread.java:1583)
]]>
    </failure>
  </testcase> <!-- contactUsParkar -->
  <system-out>
    <![CDATA[TEST [Hello World test - contactUsParkar] FAILED at [00:07:35 2024-03-10] - FAIL: element 'conatctUsButton (By.xpath: //div[@class='ast-custom-button'])' is not present!

org.testng.Assert.fail(Assert.java:110)
com.zebrunner.carina.webdriver.decorator.ExtendedWebElement.assertElementPresent(ExtendedWebElement.java:1011)
com.zebrunner.carina.webdriver.DriverHelper.assertElementPresent(DriverHelper.java:1173)
com.zebrunner.carina.webdriver.DriverHelper.assertElementPresent(DriverHelper.java:1169)
com.mycompany.carina.demo.gui.pages.desktop.ParkarContactUsPage.clickContactUsButton(ParkarContactUsPage.java:45)
com.mycompany.carina.demo.gui.pages.desktop.ParkarContactUsPage.openContactUsPage(ParkarContactUsPage.java:90)
com.mycompany.carina.demo.ParkarDigitalTest.contactUsParkar(ParkarDigitalTest.java:48)
java.base/jdk.internal.reflect.DirectMethodHandleAccessor.invoke(DirectMethodHandleAccessor.java:103)
java.base/java.lang.reflect.Method.invoke(Method.java:580)
org.testng.internal.invokers.MethodInvocationHelper.invokeMethod(MethodInvocationHelper.java:139)
org.testng.internal.invokers.TestInvoker.invokeMethod(TestInvoker.java:677)
org.testng.internal.invokers.TestInvoker.invokeTestMethod(TestInvoker.java:221)
org.testng.internal.invokers.MethodRunner.runInSequence(MethodRunner.java:50)
org.testng.internal.invokers.TestInvoker$MethodInvocationAgent.invoke(TestInvoker.java:969)
org.testng.internal.invokers.TestInvoker.invokeTestMethods(TestInvoker.java:194)
org.testng.internal.invokers.TestMethodWorker.invokeTestMethods(TestMethodWorker.java:148)
org.testng.internal.invokers.TestMethodWorker.run(TestMethodWorker.java:128)
java.base/java.util.concurrent.ThreadPoolExecutor.runWorker(ThreadPoolExecutor.java:1144)
java.base/java.util.concurrent.ThreadPoolExecutor$Worker.run(ThreadPoolExecutor.java:642)
java.base/java.lang.Thread.run(Thread.java:1583)]]>
  </system-out>
</testsuite> <!-- com.mycompany.carina.demo.ParkarDigitalTest -->
