[2024-03-12 09:23:39] [43] [INFO] TEST [Contact Us Form Submission (User fills out the Contact Us form and submit the details)] STARTED at [14:53:39 2024-03-12]
[2024-03-12 09:23:39] [43] [INFO] Starting driver session...
[2024-03-12 09:23:50] [43] [INFO] Starting driver session...
[2024-03-12 09:24:00] [43] [ERROR] TEST [Contact Us Form Submission (User fills out the Contact Us form and submit the details)] FAILED at [14:54:00 2024-03-12] - Failed to instantiate class com.mycompany.carina.demo.steps.ParkarContactUsTest

io.cucumber.core.backend.DefaultObjectFactory.cacheNewInstance(DefaultObjectFactory.java:67)
io.cucumber.core.backend.DefaultObjectFactory.getInstance(DefaultObjectFactory.java:45)
io.cucumber.java.AbstractGlueDefinition.invokeMethod(AbstractGlueDefinition.java:47)
io.cucumber.java.JavaStepDefinition.execute(JavaStepDefinition.java:29)
io.cucumber.core.runner.CoreStepDefinition.execute(CoreStepDefinition.java:66)
io.cucumber.core.runner.PickleStepDefinitionMatch.runStep(PickleStepDefinitionMatch.java:63)
io.cucumber.core.runner.ExecutionMode$1.execute(ExecutionMode.java:10)
io.cucumber.core.runner.TestStep.executeStep(TestStep.java:84)
io.cucumber.core.runner.TestStep.run(TestStep.java:56)
io.cucumber.core.runner.PickleStepTestStep.run(PickleStepTestStep.java:51)
io.cucumber.core.runner.TestCase.run(TestCase.java:84)
io.cucumber.core.runner.Runner.runPickle(Runner.java:75)
io.cucumber.testng.TestNGCucumberRunner.lambda$runScenario$1(TestNGCucumberRunner.java:132)
io.cucumber.core.runtime.CucumberExecutionContext.lambda$runTestCase$5(CucumberExecutionContext.java:137)
io.cucumber.core.runtime.RethrowingThrowableCollector.executeAndThrow(RethrowingThrowableCollector.java:23)
io.cucumber.core.runtime.CucumberExecutionContext.runTestCase(CucumberExecutionContext.java:137)
io.cucumber.testng.TestNGCucumberRunner.runScenario(TestNGCucumberRunner.java:129)
com.zebrunner.carina.cucumber.CucumberRunner.feature(CucumberRunner.java:89)
java.base/jdk.internal.reflect.DirectMethodHandleAccessor.invoke(DirectMethodHandleAccessor.java:103)
java.base/java.lang.reflect.Method.invoke(Method.java:580)
org.testng.internal.invokers.MethodInvocationHelper.invokeMethod(MethodInvocationHelper.java:139)
org.testng.internal.invokers.TestInvoker.invokeMethod(TestInvoker.java:677)
org.testng.internal.invokers.TestInvoker.invokeTestMethod(TestInvoker.java:221)
org.testng.internal.invokers.TestMethodWithDataProviderMethodWorker.call(TestMethodWithDataProviderMethodWorker.java:80)
org.testng.internal.invokers.TestMethodWithDataProviderMethodWorker.call(TestMethodWithDataProviderMethodWorker.java:17)
java.base/java.util.concurrent.FutureTask.run(FutureTask.java:317)
java.base/java.util.concurrent.Executors$RunnableAdapter.call(Executors.java:572)
java.base/java.util.concurrent.FutureTask.run(FutureTask.java:317)
java.base/java.util.concurrent.ThreadPoolExecutor.runWorker(ThreadPoolExecutor.java:1144)
java.base/java.util.concurrent.ThreadPoolExecutor$Worker.run(ThreadPoolExecutor.java:642)
java.base/java.lang.Thread.run(Thread.java:1583)
