<div id='container' style='width: 98%; padding: 10px; margin: 0; background: #EBEBE0; color: #717171; font-family: Calibri;'><div id='summary'><h2 align='center' style='background-color: gray; color: white; padding: 10px; margin: 0;'>FAILED: Carina Demo Tests (testng-customsuite.xml) - DEMO ( chrome)</h2><br><h2 style='clear: both; margin: 0;'>Summary:</h2><hr/><table style='width: 1000px;'><tr><td style='width: 100px;'>Environment:</td><td>DEMO - <a href='https://www.parkar.digital'>https://www.parkar.digital</a></td></tr><tr><td>Version:</td><td></td></tr><tr><td>Browser:</td><td>chrome</td></tr><tr><td>Finished:</td><td>14:38:43 2024-03-12</td></tr><tr class='pass' style='color: #66C266;'><td>Passed: </td><td>0</td></tr><tr class='fail' style='color: #FF5C33;'><td>Failed:</td><td>2</td></tr><tr class='skip' style='color: #FFD700;'><td>Skipped:</td><td>0</td></tr><tr><td>Success rate:</td><td>0%</td></tr></table></div><br><br><div id='results'><h2 style='margin: 0;'>Test results:</h2><hr/><table cellspacing='0' cellpadding='0' style='width: 100%;'><tr><th width='10%' align='center'>Result</th><th width='75%'>Test name</th><th width='10%'>Test files</th></tr><tr><td colspan='4' class='package' style='background: gray; border-style: solid; border-width: 1px; border-color: white; padding: 5px; color: white;'>com.zebrunner.carina.cucumber</td></tr><tr class='fail' style='background: #FF5C33;'><td align='center' style='border-style: solid; border-width: 1px; border-color: white; padding: 5px; color: white;'>FAILED</td><td style='border-style: solid; border-width: 1px; border-color: white; padding: 5px; color: white;'><span>Contact Us Form Submission (User fills out the Contact Us form and submit the details)</span><div style="background:#ffcccc; color: black; padding: 5px; margin: 2px 0px 2px 0px;">Failed to instantiate class com.mycompany.carina.demo.steps.ParkarContactUsTest<br/><br/>io.cucumber.core.backend.DefaultObjectFactory.cacheNewInstance(DefaultObjectFactory.java:67)<br/>io.cucumber.core.backend.DefaultObjectFactory.getInstance(DefaultObjectFactory.java:45)<br/>io.cucumber.java.AbstractGlueDefinition.invokeMethod(AbstractGlueDefinition.java:47)<br/>io.cucumber.java.JavaStepDefinition.execute(JavaStepDefinition.java:29)<br/>io.cucumber.core.runner.CoreStepDefinition.execute(CoreStepDefinition.java:66)<br/>io.cucumber.core.runner.PickleStepDefinitionMatch.runStep(PickleStepDefinitionMatch.java:63)<br/>io.cucumber.core.runner.ExecutionMode$1.execute(ExecutionMode.java:10)<br/>io.cucumber.core.runner.TestStep.executeStep(TestStep.java:84)<br/>io.cucumber.core.runner.TestStep.run(TestStep.java:56)<br/>io.cucumber.core.runner.PickleStepTestStep.run(PickleStepTestStep.java:51)<br/>io.cucumber.core.runner.TestCase.run(TestCase.java:84)<br/>io.cucumber.core.runner.Runner.runPickle(Runner.java:75)<br/>io.cucumber.testng.TestNGCucumberRunner.lambda$runScenario$1(TestNGCucumberRunner.java:132)<br/>io.cucumber.core.runtime.CucumberExecutionContext.lambda$runTestCase$5(CucumberExecutionContext.java:137)<br/>io.cucumber.core.runtime.RethrowingThrowableCollector.executeAndThrow(RethrowingThrowableCollector.java:23)<br/>io.cucumber.core.runtime.CucumberExecutionContext.runTestCase(CucumberExecutionContext.java:137)<br/>io.cucumber.testng.TestNGCucumberRunner.runScenario(TestNGCucumberRunner.java:129)<br/>com.zebrunner.carina.cucumber.CucumberRunner.feature(CucumberRunner.java:89)<br/>java.base/jdk.internal.reflect.DirectMethodHandleAccessor.invoke(DirectMethodHandleAccessor.java:103)<br/>java.base/java.lang.reflect.Method.invoke(Method.java:580)<br/>org.testng.internal.invokers.MethodInvocationHelper.invokeMethod(MethodInvocationHelper.java:139)<br/>org.testng.internal.invokers.TestInvoker.invokeMethod(TestInvoker.java:677)<br/>org.testng.internal.invokers.TestInvoker.invokeTestMethod(TestInvoker.java:221)<br/>org.testng.internal.invokers.TestMethodWithDataProviderMethodWorker.call(TestMethodWithDataProviderMeth...</div></td><td align='center' style='border-style: solid; border-width: 1px; border-color: white; padding: 5px; color: white;'><a target='_blank' href='file://C:\Carina\project-qa\.\reports\1710234478238/476af538-d121-48a8-95a0-17ff7f51452f/test.log' style='color: white;'>Logs</a></td></tr><tr class='fail' style='background: #FF5C33;'><td align='center' style='border-style: solid; border-width: 1px; border-color: white; padding: 5px; color: white;'>FAILED</td><td style='border-style: solid; border-width: 1px; border-color: white; padding: 5px; color: white;'><span>Default test</span><div style="background:#ffcccc; color: black; padding: 5px; margin: 2px 0px 2px 0px;">java.util.concurrent.ExecutionException: org.openqa.selenium.SessionNotCreatedException: Could not start a new session. Possible causes are invalid address of the remote server or browser start-up failure. <br/>Host info: host: 'PT076LT', ip: '10.50.20.58'<br/>Build info: version: '4.7.0', revision: '0a5b49d16f'<br/>System info: os.name: 'Windows 10', os.arch: 'amd64', os.version: '10.0', java.version: '21'<br/>Driver info: org.openqa.selenium.remote.RemoteWebDriver<br/>Command: [null, newSession {capabilities=[Capabilities {acceptInsecureCerts: true, browserName: chrome, goog:chromeOptions: {args: [--test-type, --start-maximized, --ignore-ssl-errors], extensions: []}}], desiredCapabilities=Capabilities {acceptInsecureCerts: true, browserName: chrome, goog:chromeOptions: {args: [--test-type, --start-maximized, --ignore-ssl-errors], extensions: []}}}]<br/>Capabilities {}<br/><br/>org.testng.internal.PoolService.submitTasksAndWait(PoolService.java:52)<br/>org.testng.internal.invokers.MethodRunner.runInParallel(MethodRunner.java:132)<br/>org.testng.internal.invokers.TestInvoker$MethodInvocationAgent.invoke(TestInvoker.java:958)<br/>org.testng.internal.invokers.TestInvoker.invokeTestMethods(TestInvoker.java:194)<br/>org.testng.internal.invokers.TestMethodWorker.invokeTestMethods(TestMethodWorker.java:148)<br/>org.testng.internal.invokers.TestMethodWorker.run(TestMethodWorker.java:128)<br/>java.base/java.util.ArrayList.forEach(ArrayList.java:1596)<br/>org.testng.TestRunner.privateRun(TestRunner.java:829)<br/>org.testng.TestRunner.run(TestRunner.java:602)<br/>org.testng.SuiteRunner.runTest(SuiteRunner.java:437)<br/>org.testng.SuiteRunner.runSequentially(SuiteRunner.java:431)<br/>org.testng.SuiteRunner.privateRun(SuiteRunner.java:391)<br/>org.testng.SuiteRunner.run(SuiteRunner.java:330)<br/>org.testng.SuiteRunnerWorker.runSuite(SuiteRunnerWorker.java:52)<br/>org.testng.SuiteRunnerWorker.run(SuiteRunnerWorker.java:95)<br/>org.testng.TestNG.runSuitesSequentially(TestNG.java:1256)<br/>org.testng.TestNG.runSuitesLocally(TestNG.java:1176)<br/>org.testng.TestNG.runSuites(TestNG.java:1099)<br/>org.testng.TestNG.run(TestNG.java:1...</div></td><td align='center' style='border-style: solid; border-width: 1px; border-color: white; padding: 5px; color: white;'><a target='_blank' href='file://C:\Carina\project-qa\.\reports\1710234478238/1710234478238/test.log' style='color: white;'>Logs</a></td></tr></table></div></div>